La génération a démarré 26/11/2011 09:14:25.
     1>Projet "D:\SVN\Engine\Engine\Engine.vcxproj" sur le nœud 2 (build cible(s)).
     1>InitializeBuildStatus:
         Création de "Release\Engine.unsuccessfulbuild", car "AlwaysCreate" a été spécifié.
       ClCompile:
         C:\Program Files (x86)\Microsoft Visual Studio 10.0\VC\bin\CL.exe /c /Zi /nologo /W3 /WX- /O2 /Oi /Oy- /GL /D WIN32 /D NDEBUG /D _CONSOLE /D _UNICODE /D UNICODE /Gm- /EHsc /MD /GS /Gy /fp:precise /Zc:wchar_t /Zc:forScope /Fo"Release\\" /Fd"Release\vc100.pdb" /Gd /TP /analyze- /errorReport:prompt Main.cpp Model.cpp System.cpp
         Main.cpp
         Model.cpp
         System.cpp
     1>System.cpp(91): warning C4305: 'argument' : troncation de 'double' à 'real'
     1>System.cpp(91): warning C4305: 'argument' : troncation de 'double' à 'real'
     1>System.cpp(113): warning C4244: 'argument' : conversion de 'double' en 'Uint32', perte possible de données
     1>System.cpp(140): warning C4305: '+=' : troncation de 'double' à 'float'
       Link:
         C:\Program Files (x86)\Microsoft Visual Studio 10.0\VC\bin\link.exe /ERRORREPORT:PROMPT /OUT:"D:\SVN\Engine\Release\Engine.exe" /INCREMENTAL:NO /NOLOGO opengl32.lib SDL.lib SDLmain.lib glew32.lib kernel32.lib user32.lib gdi32.lib winspool.lib comdlg32.lib advapi32.lib shell32.lib ole32.lib oleaut32.lib uuid.lib odbc32.lib odbccp32.lib /MANIFEST /ManifestFile:"Release\Engine.exe.intermediate.manifest" /MANIFESTUAC:"level='asInvoker' uiAccess='false'" /DEBUG /PDB:"D:\SVN\Engine\Release\Engine.pdb" /SUBSYSTEM:CONSOLE /OPT:REF /OPT:ICF /LTCG /TLBID:1 /DYNAMICBASE /NXCOMPAT /IMPLIB:"D:\SVN\Engine\Release\Engine.lib" /MACHINE:X86 Release\Graphics.obj
         Release\Inputs.obj
         Release\Main.obj
         Release\Matrix4.obj
         Release\Model.obj
         Release\Shader.obj
         Release\System.obj
         Release\Vector3.obj
         Génération de code en cours
         Fin de la génération du code
     1>SDLmain.lib(SDL_windows_main.obj) : warning LNK4099: PDB 'vc100.pdb' n'a pu être trouvé avec 'SDLmain.lib(SDL_windows_main.obj)' ou sur 'D:\SVN\Engine\Release\vc100.pdb' ; l'objet sera lié sans informations de débogage
         Engine.vcxproj -> D:\SVN\Engine\Release\Engine.exe
       Manifest:
         C:\Program Files (x86)\Microsoft SDKs\Windows\v7.0A\bin\mt.exe /nologo /verbose /outputresource:"D:\SVN\Engine\Release\Engine.exe;#1" /manifest Release\Engine.exe.intermediate.manifest
       FinalizeBuildStatus:
         Suppression du fichier "Release\Engine.unsuccessfulbuild".
         Mise à jour de l'horodatage "Release\Engine.lastbuildstate".
     1>Génération du projet "D:\SVN\Engine\Engine\Engine.vcxproj" terminée (build cible(s)).

La génération a réussi.

Temps écoulé 00:00:01.13
